0 info it worked if it ends with ok
1 verbose cli [ 'C:\\Program Files\\nodejs\\node.exe',
1 verbose cli   'C:\\Program Files\\nodejs\\node_modules\\npm\\bin\\npm-cli.js',
1 verbose cli   'install',
1 verbose cli   'express' ]
2 info using npm@2.15.8
3 info using node@v4.4.7
4 verbose install initial load of D:\GitHub\myLab\nodejs\package.json
5 verbose installManyTop reading scoped package data from D:\GitHub\myLab\nodejs\node_modules\node-schedule\package.json
6 info package.json node-schedule@1.1.1 No README data
7 info package.json node-schedule@1.1.1 No license field.
8 verbose readDependencies loading dependencies from D:\GitHub\myLab\nodejs\package.json
9 silly cache add args [ 'express', null ]
10 verbose cache add spec express
11 silly cache add parsed spec Result {
11 silly cache add   raw: 'express',
11 silly cache add   scope: null,
11 silly cache add   name: 'express',
11 silly cache add   rawSpec: '',
11 silly cache add   spec: 'latest',
11 silly cache add   type: 'tag' }
12 silly addNamed express@latest
13 verbose addNamed "latest" is being treated as a dist-tag for express
14 info addNameTag [ 'express', 'latest' ]
15 silly mapToRegistry name express
16 silly mapToRegistry using default registry
17 silly mapToRegistry registry https://registry.npmjs.org/
18 silly mapToRegistry data Result {
18 silly mapToRegistry   raw: 'express',
18 silly mapToRegistry   scope: null,
18 silly mapToRegistry   name: 'express',
18 silly mapToRegistry   rawSpec: '',
18 silly mapToRegistry   spec: 'latest',
18 silly mapToRegistry   type: 'tag' }
19 silly mapToRegistry uri https://registry.npmjs.org/express
20 verbose addNameTag registry:https://registry.npmjs.org/express not in flight; fetching
21 verbose request uri https://registry.npmjs.org/express
22 verbose request no auth needed
23 info attempt registry request try #1 at 15:01:40
24 verbose request id 95e859d2828a1fff
25 http request GET https://registry.npmjs.org/express
26 info retry will retry, error on last attempt: Error: connect ETIMEDOUT 151.101.92.162:443
27 info attempt registry request try #2 at 15:02:11
28 http request GET https://registry.npmjs.org/express
29 info retry will retry, error on last attempt: Error: connect ETIMEDOUT 151.101.92.162:443
30 info attempt registry request try #3 at 15:03:32
31 http request GET https://registry.npmjs.org/express
32 verbose stack Error: connect ETIMEDOUT 151.101.92.162:443
32 verbose stack     at Object.exports._errnoException (util.js:873:11)
32 verbose stack     at exports._exceptionWithHostPort (util.js:896:20)
32 verbose stack     at TCPConnectWrap.afterConnect [as oncomplete] (net.js:1077:14)
33 verbose cwd D:\GitHub\myLab\nodejs\twitter
34 error Windows_NT 6.3.9600
35 error argv "C:\\Program Files\\nodejs\\node.exe" "C:\\Program Files\\nodejs\\node_modules\\npm\\bin\\npm-cli.js" "install" "express"
36 error node v4.4.7
37 error npm  v2.15.8
38 error code ETIMEDOUT
39 error errno ETIMEDOUT
40 error syscall connect
41 error network connect ETIMEDOUT 151.101.92.162:443
41 error network This is most likely not a problem with npm itself
41 error network and is related to network connectivity.
41 error network In most cases you are behind a proxy or have bad network settings.
41 error network
41 error network If you are behind a proxy, please make sure that the
41 error network 'proxy' config is set properly.  See: 'npm help config'
42 verbose exit [ 1, true ]
